<?xml version="1.0" encoding="UTF-8"?>
<!-- Generated by org.testng.reporters.JUnitXMLReporter -->
<testsuite ignored="3" hostname="DESKTOP-TKFE0IF" failures="0" tests="3" name="Test" time="0.134" errors="0" timestamp="2022-07-28T21:52:02 IST">
  <testcase classname="TestNGStudy.Group2" name="D" time="0.018"/>
  <testcase classname="TestNGStudy.Group1" name="A" time="0.002"/>
  <testcase classname="TestNGStudy.Group1" name="C" time="0.002"/>
  <testcase classname="TestNGStudy.Group2" name="E" time="0.0">
    <ignored/>
  </testcase> <!-- E -->
  <testcase classname="TestNGStudy.Group2" name="F" time="0.0">
    <ignored/>
  </testcase> <!-- F -->
  <testcase classname="TestNGStudy.Group1" name="B" time="0.0">
    <ignored/>
  </testcase> <!-- B -->
</testsuite> <!-- Test -->
