<?xml version="1.0" encoding="UTF-8"?>
<testng-results ignored="0" total="2" passed="2" failed="0" skipped="0">
  <reporter-output>
  </reporter-output>
  <suite started-at="2022-07-28T23:02:33 IST" name="Suite" finished-at="2022-07-28T23:03:18 IST" duration-ms="44613">
    <groups>
    </groups>
    <test started-at="2022-07-28T23:02:33 IST" name="Test1" finished-at="2022-07-28T23:03:12 IST" duration-ms="38752">
      <class name="TestNGStudy.CrossBrowserCheck">
        <test-method signature="f(java.lang.String)[pri:0, instance:TestNGStudy.CrossBrowserCheck@614ca7df]" started-at="2022-07-28T23:02:33 IST" name="f" finished-at="2022-07-28T23:03:12 IST" duration-ms="38697" status="PASS">
          <params>
            <param index="0">
              <value>
                <![CDATA[Firefox]]>
              </value>
            </param>
          </params>
          <reporter-output>
          </reporter-output>
        </test-method> <!-- f -->
      </class> <!-- TestNGStudy.CrossBrowserCheck -->
    </test> <!-- Test1 -->
    <test started-at="2022-07-28T23:03:12 IST" name="Test2" finished-at="2022-07-28T23:03:18 IST" duration-ms="5768">
      <class name="TestNGStudy.CrossBrowserCheck">
        <test-method signature="f(java.lang.String)[pri:0, instance:TestNGStudy.CrossBrowserCheck@1ed6388a]" started-at="2022-07-28T23:03:12 IST" name="f" finished-at="2022-07-28T23:03:18 IST" duration-ms="5764" status="PASS">
          <params>
            <param index="0">
              <value>
                <![CDATA[chrome]]>
              </value>
            </param>
          </params>
          <reporter-output>
          </reporter-output>
        </test-method> <!-- f -->
      </class> <!-- TestNGStudy.CrossBrowserCheck -->
    </test> <!-- Test2 -->
  </suite> <!-- Suite -->
</testng-results>
